2026-06-17T05:36:52.943238Z ERROR  name="BatchSpanProcessor.ExportError" error="Operation failed: reqwest::Error { kind: Request, url: \"https://cli-chat-proxy.grok.com/v1/traces\", source: TimedOut }"
2026-06-17T05:39:21.145549Z ERROR tool_error: tool_output_error session_id=019ed414-085e-7ba2-ac58-fd3576744f77 tool_name="search_replace" effective_tool_name="search_replace" model_id="grok-build" error_kind="tool_output_error"
2026-06-17T05:40:02.281584Z ERROR tool_error: tool_output_error session_id=019ed414-085e-7ba2-ac58-fd3576744f77 tool_name="search_replace" effective_tool_name="search_replace" model_id="grok-build" error_kind="tool_output_error"
2026-06-17T05:41:42.222389Z ERROR tool_error: tool_output_error session_id=019ed414-085e-7ba2-ac58-fd3576744f77 tool_name="search_replace" effective_tool_name="search_replace" model_id="grok-build" error_kind="tool_output_error"
2026-06-17T05:45:01.656221Z ERROR tool_error: tool_output_error session_id=019ed414-085e-7ba2-ac58-fd3576744f77 tool_name="search_replace" effective_tool_name="search_replace" model_id="grok-build" error_kind="tool_output_error"
**Step 1 complete (Migration v5 + GraphRepository + in-memory unit tests). All requirements followed exactly; do not move to step 2.**

- Verified pre-existing forward-only **Migration v5** (in [Migrations.cs](/OrchestratorIDE/Services/Data/Migrations.cs), listed + `Sql005_Graph` with `graph_nodes`/`graph_edges`/`graph_fts` + triggers for external-content FTS + `graph_adr`; no edits to v1-v4). Matches the schema + comments in `CodeGraph_v1.md` exactly. New tables only.
- Created [GraphModels.cs](/OrchestratorIDE/Services/CodeGraph/GraphModels.cs) (AGPL-3.0-or-later + SPDX; `CodeNode` / `CodeEdge` / `AdrRecord` records) + [GraphRepository.cs](/OrchestratorIDE/Services/CodeGraph/Data/GraphRepository.cs) (in the prepared `CodeGraph/Data/` layout per the spec; `extends RepositoryBase`; all SQL via the `P()` + base helpers, no concatenation ever; `InTransaction` + `ExecuteOn`/`CreateCmd` for bulk atomicity + FTS correction).
  - Supports the full step-1 contract: `UpsertNode`, `ReplaceGraph` (project-scoped atomic delete+insert nodes + edges-by-qname + FTS fix + degree recompute), `InsertEdge`, `DeleteNodesForFiles` (cascades + degree repair for survivors), `ClearProject`, `RecomputeDegrees`, single/bulk paths, `UpsertAdr`/`GetAdr`/`GetAdrs`.
  - **Camel-split at write time for FTS** (via post-trigger `INSERT ... ('delete', ...)` + re-INSERT of split tokens into the virtual table; `BuildFtsQuery` + `CamelSplit` also applied to incoming queries; unicode61 tokenizer + AND-quoted terms).
  - `SearchNodes` (query/FTS BM25 path with structural boost at query time + name_pattern/file_pattern/min_degree/label/project filters; fallback structural path; `LIKE` for patterns).
  - Getters for nodes/edges + counts. All read paths are pure (will be `RequiresApproval=false` later).
- **No new NuGet** (Roslyn + `Microsoft.Data.Sqlite` already present; used only BCL + existing base).
- **In-memory support actually works** (minor but necessary hardening of the pre-placed `:memory:` path + named shared-cache logic in [SqliteStore.cs](/OrchestratorIDE/Services/Data/SqliteStore.cs): added keeper `SqliteConnection` (to keep the DB alive after `Initialize`'s internal `using` closes) + `IDisposable` + `Dispose()` on the keeper. Matches the exact comment "for unit tests (step 1 CodeGraph requirement)").
- **T19 tests** ([T19_GraphRepositoryTests.cs](/OrchestratorIDE.UITests/Tests/T19_GraphRepositoryTests.cs) placed per convention in `UITests/Tests/`, added via `<Compile Include>` to [OrchestratorIDE.UnitTests.csproj](/OrchestratorIDE.UnitTests/OrchestratorIDE.UnitTests.csproj); all new files have exact AGPL-3.0-or-later + SPDX headers). 9 dedicated NUnit tests exercising:
  - v5 tables + migrations visible post-`Initialize`.
  - Node/edge/ADR roundtrips, `ReplaceGraph` atomicity + degree computation.
  - **Camel FTS split** (e.g., `UpdateCloudClient` / qualified name indexed as split tokens; "cloud client", "update cloud", "http update" queries hit; unrelated miss; name_pattern fallback).
  - Filters (label, file_pattern `*`, min_degree, project scoping).
  - Delete-for-files (cascades edges + FTS; degrees repaired).
  - ADR (upsert/overwrite, project isolation).
  - Clear + cross-project isolation + mem DB isolation (via distinct `SqliteStore(":memory:")` instances).
  - Uses `using var store = NewMemoryStore()` (proper `Dispose` of keepers).
- **Build + tests green**: `dotnet build` (UnitTests + main) clean (pre-existing warnings only). `dotnet test OrchestratorIDE.UnitTests` (full, no filter) ΓåÆ **130 passed, 0 failed** (T19 adds ~9; prior baseline ~121; no regression). Filtered T19 runs also 9/9 green. (Temp-dir fallback path also works for comparison.)
- **grok-review gate** (per SKILL.md + "Run grok-review on each increment" + "before moving to the next step"): Staged only the step-1 files (`git add` of the 2 new .cs + test + csproj + SqliteStore). Ran `pwsh Tools\grok-review.ps1 -Staged ...` (first pass had blockers on id safety, keeper lifetime/leak in tests, degree recompute after deletes, reviewer's partial-diff view of base class, etc.). Fixed (safe `idObj` null guards + `Convert`, `IDisposable` + `using var` in T19 for keepers, recompute inside delete tx, minor cleanups like unused `using System;`). Re-staged + re-ran ΓåÆ **CLEAN** (no blockers; exit semantics satisfied; MINORs were naming/docs nits only; notes AGPL headers, no-new-pkgs, parameterization, T19 location/Compile-Include convention, FTS sanitization, read-only patterns, etc.). Review artifact saved to `.orc/reviews/`.

All hard rules from `.grok/SKILL.md` + `CodeGraph_v1.md` build order + constraints followed for this increment only (AGPL+SPDX on every new file; RepositoryBase extension; in-mem tests; forward-only migration (pre-placed but exercised/verified); no new packages; `RequiresApproval` shape noted for later; review gate + green tests before any further steps).

Ready for your review/approval before any step 2 work (RoslynIndexer + `graph_search`). Let me know if you want the review artifact content, full diff, or anything else for the gate.
